<?xml version="1.0" encoding="UTF-8"?>
<!-- Generated by org.testng.reporters.JUnitXMLReporter -->
<testsuite ignored="0" hostname="DESKTOP-OCH3PN7" failures="0" tests="1" name="Chrometest" time="0.004" errors="0" timestamp="20 Dec 2019 04:58:16 GMT">
  <testcase classname="RSP.Test.TestBase" name="@BeforeSuite setup" time="0.0">
    <failure type="org.testng.TestNGException" message="
Parameter &amp;apos;browser&amp;apos; is required by BeforeSuite on method setup but has not been marked @Optional or defined
in D:\Automation-Workspace\Wrokspace\Technokeens.Nashik\testng.xml">
      <![CDATA[org.testng.TestNGException: 
Parameter 'browser' is required by BeforeSuite on method setup but has not been marked @Optional or defined
in D:\Automation-Workspace\Wrokspace\Technokeens.Nashik\testng.xml
... Removed 17 stack frames]]>
    </failure>
  </testcase> <!-- @BeforeSuite setup -->
  <testcase classname="RSP.Test.LoginTest" name="testLogin" time="0.0">
    <skipped/>
  </testcase> <!-- testLogin -->
</testsuite> <!-- Chrometest -->
